<?xml version="1.0" encoding="UTF-8"?>
<testng-results ignored="0" total="1" passed="1" failed="0" skipped="0">
  <reporter-output>
  </reporter-output>
  <suite started-at="2024-05-05T16:46:39 IST" name="Default suite" finished-at="2024-05-05T16:47:08 IST" duration-ms="29266">
    <groups>
    </groups>
    <test started-at="2024-05-05T16:46:39 IST" name="Default test" finished-at="2024-05-05T16:47:08 IST" duration-ms="29266">
      <class name="test">
        <test-method is-config="true" signature="start()[pri:0, instance:test@7526515b]" started-at="2024-05-05T16:46:39 IST" name="start" finished-at="2024-05-05T16:46:39 IST" duration-ms="281" status="PASS">
          <reporter-output>
          </reporter-output>
        </test-method> <!-- start -->
        <test-method signature="mainss()[pri:0, instance:test@7526515b]" started-at="2024-05-05T16:46:39 IST" name="mainss" finished-at="2024-05-05T16:47:08 IST" duration-ms="28740" status="PASS">
          <reporter-output>
          </reporter-output>
        </test-method> <!-- mainss -->
        <test-method is-config="true" signature="end()[pri:0, instance:test@7526515b]" started-at="2024-05-05T16:47:08 IST" name="end" finished-at="2024-05-05T16:47:08 IST" duration-ms="200" status="PASS">
          <reporter-output>
          </reporter-output>
        </test-method> <!-- end -->
      </class> <!-- test -->
    </test> <!-- Default test -->
  </suite> <!-- Default suite -->
</testng-results>
